-------------------------------------------------------------------------------
Test set: am.petstore.petstore.PetStoreApplicationTests
-------------------------------------------------------------------------------
Tests run: 1, Failures: 0, Errors: 1, Skipped: 0, Time elapsed: 31.469 s <<< FAILURE! - in am.petstore.petstore.PetStoreApplicationTests
contextLoads  Time elapsed: 0.005 s  <<< ERROR!
java.lang.IllegalStateException: Failed to load ApplicationContext
Caused by: org.springframework.beans.factory.UnsatisfiedDependencyException: Error creating bean with name 'petController' defined in file [D:\Android Work\PetStore\target\classes\am\petstore\petstore\pets\controller\PetController.class]: Unsatisfied dependency expressed through constructor parameter 0; nested exception is org.springframework.beans.factory.UnsatisfiedDependencyException: Error creating bean with name 'petService' defined in file [D:\Android Work\PetStore\target\classes\am\petstore\petstore\pets\service\PetService.class]: Unsatisfied dependency expressed through constructor parameter 0; nested exception is org.springframework.beans.factory.BeanCreationException: Error creating bean with name 'petDao': Invocation of init method failed; nested exception is java.lang.ArrayIndexOutOfBoundsException: Index 5 out of bounds for length 5
Caused by: org.springframework.beans.factory.UnsatisfiedDependencyException: Error creating bean with name 'petService' defined in file [D:\Android Work\PetStore\target\classes\am\petstore\petstore\pets\service\PetService.class]: Unsatisfied dependency expressed through constructor parameter 0; nested exception is org.springframework.beans.factory.BeanCreationException: Error creating bean with name 'petDao': Invocation of init method failed; nested exception is java.lang.ArrayIndexOutOfBoundsException: Index 5 out of bounds for length 5
Caused by: org.springframework.beans.factory.BeanCreationException: Error creating bean with name 'petDao': Invocation of init method failed; nested exception is java.lang.ArrayIndexOutOfBoundsException: Index 5 out of bounds for length 5
Caused by: java.lang.ArrayIndexOutOfBoundsException: Index 5 out of bounds for length 5

